Add the following Clothing item to my cart: athletic shoes, black and white color, Adidas brand


I am searching for Adidas athletic shoes in black and white color on Amazon.



I am selecting the "adidas mens Samba Classic Soccer" from the search results to check if it matches the user's requirements.



I am selecting the "Black/White/Black" color option for the Adidas mens Samba Classic Soccer shoes.



I am scrolling down to locate the "Add to Cart" button.



I am continuing to scroll down to locate the "Add to Cart" button.



I am clicking on the size dropdown to select the appropriate size for the Adidas mens Samba Classic Soccer shoes.



I am scrolling up to locate the size dropdown to select the appropriate size for the Adidas mens Samba Classic Soccer shoes.



I am clicking on the size dropdown again to select the appropriate size for the Adidas mens Samba Classic Soccer shoes.



I am clicking on the size dropdown again to select the appropriate size for the Adidas mens Samba Classic Soccer shoes.



I am scrolling down to locate the size dropdown to select the appropriate size for the Adidas mens Samba Classic Soccer shoes.



I am scrolling up to locate the "Add to Cart" button for the Adidas mens Samba Classic Soccer shoes.



I am scrolling down to locate the "Add to Cart" button for the Adidas mens Samba Classic Soccer shoes.



I am continuing to scroll down to locate the "Add to Cart" button for the Adidas mens Samba Classic Soccer shoes.



I am scrolling up to reassess the page and check for any other interactive elements or if the product details are fully loaded.



I am navigating back to the search results page for "Adidas athletic shoes black and white" on Amazon to locate the correct product page.



I am clicking on the "adidas mens Run Falcon 3.0 Shoes" link to navigate to the product page and proceed with selecting the required options.



I am clicking the "Add to Cart" button to add the Adidas mens Run Falcon 3.0 Shoes in Black/White/Black color to the cart.



I am clicking the "Add to Cart" button to add the Adidas mens Run Falcon 3.0 Shoes in Black/White/Black color to the cart.



I am clicking the "Add to Cart" button again to ensure the Adidas mens Run Falcon 3.0 Shoes in Black/White/Black color are added to the cart.



I am navigating to the cart page to confirm that the Adidas mens Run Falcon 3.0 Shoes in Black/White/Black color have been successfully added to the cart.